<?xml version="1.0" encoding="UTF-8"?>
<!-- Generated by org.testng.reporters.JUnitXMLReporter -->
<testsuite ignored="0" hostname="LAPTOP-OVS45RA9" failures="2" tests="2" name="Smoke Suite" time="20.629" errors="0" timestamp="2025-06-14T14:31:15 IST">
  <testcase classname="tests.LoginTest" name="blankCredentialsTest" time="12.635">
    <failure type="java.lang.AssertionError" message="Error message not displayed expected [true] but found [false]">
      <![CDATA[java.lang.AssertionError: Error message not displayed expected [true] but found [false]
at tests.LoginTest.blankCredentialsTest(LoginTest.java:38)
at java.base/java.util.ArrayList.forEach(ArrayList.java:1511)
... Removed 30 stack frames]]>
    </failure>
  </testcase> <!-- blankCredentialsTest -->
  <testcase classname="tests.LoginTest" name="blankCredentialsTest" time="20.588">
    <failure type="java.lang.NullPointerException" message="Cannot invoke &amp;quot;org.openqa.selenium.TakesScreenshot.getScreenshotAs(org.openqa.selenium.OutputType)&amp;quot; because &amp;quot;driver&amp;quot; is null">
      <![CDATA[java.lang.NullPointerException: Cannot invoke "org.openqa.selenium.TakesScreenshot.getScreenshotAs(org.openqa.selenium.OutputType)" because "driver" is null
at utils.ScreenshotUtil.captureScreenshot(ScreenshotUtil.java:17)
at utils.TestListener.onTestFailure(TestListener.java:27)
at java.base/java.util.ArrayList.forEach(ArrayList.java:1511)
... Removed 24 stack frames]]>
    </failure>
  </testcase> <!-- blankCredentialsTest -->
</testsuite> <!-- Smoke Suite -->
